
> @monorepo/editor@1.0.0 build
> tsc -b && vite build

vite v4.5.14 building for production...
transforming...
(node:17112) [MODULE_TYPELESS_PACKAGE_JSON] Warning: Module type of file:///app/apps/editor/postcss.config.js is not specified and it doesn't parse as CommonJS.
Reparsing as ES module because module syntax was detected. This incurs a performance overhead.
To eliminate this warning, add "type": "module" to /app/apps/editor/package.json.
(Use `node --trace-warnings ...` to show where the warning was created)
✓ 1880 modules transformed.
rendering chunks...
computing gzip size...
dist/index.html                   0.40 kB │ gzip:   0.28 kB
dist/assets/index-2571a0eb.css   11.04 kB │ gzip:   2.80 kB
dist/assets/index-e1a9c90e.js   698.49 kB │ gzip: 212.77 kB

(!) Some chunks are larger than 500 kBs after minification. Consider:
- Using dynamic import() to code-split the application
- Use build.rollupOptions.output.manualChunks to improve chunking: https://rollupjs.org/configuration-options/#output-manualchunks
- Adjust chunk size limit for this warning via build.chunkSizeWarningLimit.
✓ built in 7.13s
vite v4.5.14 building for production...
transforming...
✓ 1 modules transformed.
rendering chunks...
computing gzip size...
dist-electron/main.js  2.20 kB │ gzip: 0.94 kB
✓ built in 29ms
vite v4.5.14 building for production...
transforming...
✓ 1 modules transformed.
rendering chunks...
computing gzip size...
dist-electron/preload.js  0.55 kB │ gzip: 0.24 kB
✓ built in 19ms
